This is pdfTeX, Version 3.141592653-2.6-1.40.25 (TeX Live 2023) (preloaded format=pdflatex 2023.9.5)  23 APR 2025 13:00
entering extended mode
 restricted \write18 enabled.
 %&-line parsing enabled.
**manuscript.tex
(./manuscript.tex
LaTeX2e <2022-11-01> patch level 1
L3 programming layer <2023-02-22>
(/usr/local/texlive/2023/texmf-dist/tex/latex/base/report.cls
Document Class: report 2022/07/02 v1.4n Standard LaTeX document class
(/usr/local/texlive/2023/texmf-dist/tex/latex/base/size12.clo
File: size12.clo 2022/07/02 v1.4n Standard LaTeX file (size option)
)
\c@part=\count185
\c@chapter=\count186
\c@section=\count187
\c@subsection=\count188
\c@subsubsection=\count189
\c@paragraph=\count190
\c@subparagraph=\count191
\c@figure=\count192
\c@table=\count193
\abovecaptionskip=\skip48
\belowcaptionskip=\skip49
\bibindent=\dimen140
)
(/usr/local/texlive/2023/texmf-dist/tex/latex/base/inputenc.sty
Package: inputenc 2021/02/14 v1.3d Input encoding file
\inpenc@prehook=\toks16
\inpenc@posthook=\toks17
)
(/usr/local/texlive/2023/texmf-dist/tex/latex/base/fontenc.sty
Package: fontenc 2021/04/29 v2.0v Standard LaTeX package
)
(/usr/local/texlive/2023/texmf-dist/tex/generic/babel/babel.sty
Package: babel 2023/02/13 3.86 The Babel package
\babel@savecnt=\count194
\U@D=\dimen141
\l@unhyphenated=\language87

(/usr/local/texlive/2023/texmf-dist/tex/generic/babel/txtbabel.def)
\bbl@readstream=\read2
\bbl@dirlevel=\count195

(/usr/local/texlive/2023/texmf-dist/tex/generic/babel-french/french.ldf
Language: french 2023/03/08 v3.5q French support from the babel system
Package babel Info: Hyphen rules for 'acadian' set to \l@french
(babel)             (\language29). Reported on input line 91.
Package babel Info: Hyphen rules for 'canadien' set to \l@french
(babel)             (\language29). Reported on input line 92.
\FB@nonchar=\count196
Package babel Info: Making : an active character on input line 395.
Package babel Info: Making ; an active character on input line 396.
Package babel Info: Making ! an active character on input line 397.
Package babel Info: Making ? an active character on input line 398.
\FBguill@level=\count197
\FBold@everypar=\toks18
\FB@Mht=\dimen142
\mc@charclass=\count198
\mc@charfam=\count199
\mc@charslot=\count266
\std@mcc=\count267
\dec@mcc=\count268
\FB@parskip=\dimen143
\listindentFB=\dimen144
\descindentFB=\dimen145
\labelindentFB=\dimen146
\labelwidthFB=\dimen147
\leftmarginFB=\dimen148
\parindentFFN=\dimen149
\FBfnindent=\dimen150
))
(/usr/local/texlive/2023/texmf-dist/tex/generic/babel/locale/fr/babel-french.te
x
Package babel Info: Importing font and identification data for french
(babel)             from babel-fr.ini. Reported on input line 11.
) (/usr/local/texlive/2023/texmf-dist/tex/latex/carlisle/scalefnt.sty)
(/usr/local/texlive/2023/texmf-dist/tex/latex/graphics/keyval.sty
Package: keyval 2022/05/29 v1.15 key=value parser (DPC)
\KV@toks@=\toks19
)
(/usr/local/texlive/2023/texmf-dist/tex/latex/amsmath/amsmath.sty
Package: amsmath 2022/04/08 v2.17n AMS math features
\@mathmargin=\skip50

For additional information on amsmath, use the `?' option.
(/usr/local/texlive/2023/texmf-dist/tex/latex/amsmath/amstext.sty
Package: amstext 2021/08/26 v2.01 AMS text

(/usr/local/texlive/2023/texmf-dist/tex/latex/amsmath/amsgen.sty
File: amsgen.sty 1999/11/30 v2.0 generic functions
\@emptytoks=\toks20
\ex@=\dimen151
))
(/usr/local/texlive/2023/texmf-dist/tex/latex/amsmath/amsbsy.sty
Package: amsbsy 1999/11/29 v1.2d Bold Symbols
\pmbraise@=\dimen152
)
(/usr/local/texlive/2023/texmf-dist/tex/latex/amsmath/amsopn.sty
Package: amsopn 2022/04/08 v2.04 operator names
)
\inf@bad=\count269
LaTeX Info: Redefining \frac on input line 234.
\uproot@=\count270
\leftroot@=\count271
LaTeX Info: Redefining \overline on input line 399.
LaTeX Info: Redefining \colon on input line 410.
\classnum@=\count272
\DOTSCASE@=\count273
LaTeX Info: Redefining \ldots on input line 496.
LaTeX Info: Redefining \dots on input line 499.
LaTeX Info: Redefining \cdots on input line 620.
\Mathstrutbox@=\box51
\strutbox@=\box52
LaTeX Info: Redefining \big on input line 722.
LaTeX Info: Redefining \Big on input line 723.
LaTeX Info: Redefining \bigg on input line 724.
LaTeX Info: Redefining \Bigg on input line 725.
\big@size=\dimen153
LaTeX Font Info:    Redeclaring font encoding OML on input line 743.
LaTeX Font Info:    Redeclaring font encoding OMS on input line 744.
\macc@depth=\count274
LaTeX Info: Redefining \bmod on input line 905.
LaTeX Info: Redefining \pmod on input line 910.
LaTeX Info: Redefining \smash on input line 940.
LaTeX Info: Redefining \relbar on input line 970.
LaTeX Info: Redefining \Relbar on input line 971.
\c@MaxMatrixCols=\count275
\dotsspace@=\muskip16
\c@parentequation=\count276
\dspbrk@lvl=\count277
\tag@help=\toks21
\row@=\count278
\column@=\count279
\maxfields@=\count280
\andhelp@=\toks22
\eqnshift@=\dimen154
\alignsep@=\dimen155
\tagshift@=\dimen156
\tagwidth@=\dimen157
\totwidth@=\dimen158
\lineht@=\dimen159
\@envbody=\toks23
\multlinegap=\skip51
\multlinetaggap=\skip52
\mathdisplay@stack=\toks24
LaTeX Info: Redefining \[ on input line 2953.
LaTeX Info: Redefining \] on input line 2954.
)
(/usr/local/texlive/2023/texmf-dist/tex/latex/lipsum/lipsum.sty
(/usr/local/texlive/2023/texmf-dist/tex/latex/l3packages/l3keys2e/l3keys2e.sty
(/usr/local/texlive/2023/texmf-dist/tex/latex/l3kernel/expl3.sty
Package: expl3 2023-02-22 L3 programming layer (loader) 

(/usr/local/texlive/2023/texmf-dist/tex/latex/l3backend/l3backend-pdftex.def
File: l3backend-pdftex.def 2023-01-16 L3 backend support: PDF output (pdfTeX)
\l__color_backend_stack_int=\count281
\l__pdf_internal_box=\box53
))
Package: l3keys2e 2023-02-02 LaTeX2e option processing using LaTeX3 keys
)
Package: lipsum 2021-09-20 v2.7 150 paragraphs of Lorem Ipsum dummy text
\g__lipsum_par_int=\count282
\l__lipsum_a_int=\count283
\l__lipsum_b_int=\count284
(/usr/local/texlive/2023/texmf-dist/tex/latex/lipsum/lipsum.ltd.tex))
(/usr/local/texlive/2023/texmf-dist/tex/latex/graphics/graphicx.sty
Package: graphicx 2021/09/16 v1.2d Enhanced LaTeX Graphics (DPC,SPQR)

(/usr/local/texlive/2023/texmf-dist/tex/latex/graphics/graphics.sty
Package: graphics 2022/03/10 v1.4e Standard LaTeX Graphics (DPC,SPQR)

(/usr/local/texlive/2023/texmf-dist/tex/latex/graphics/trig.sty
Package: trig 2021/08/11 v1.11 sin cos tan (DPC)
)
(/usr/local/texlive/2023/texmf-dist/tex/latex/graphics-cfg/graphics.cfg
File: graphics.cfg 2016/06/04 v1.11 sample graphics configuration
)
Package graphics Info: Driver file: pdftex.def on input line 107.

(/usr/local/texlive/2023/texmf-dist/tex/latex/graphics-def/pdftex.def
File: pdftex.def 2022/09/22 v1.2b Graphics/color driver for pdftex
))
\Gin@req@height=\dimen160
\Gin@req@width=\dimen161
)
(/usr/local/texlive/2023/texmf-dist/tex/latex/caption/caption.sty
Package: caption 2023/03/12 v3.6j Customizing captions (AR)

(/usr/local/texlive/2023/texmf-dist/tex/latex/caption/caption3.sty
Package: caption3 2023/03/12 v2.4 caption3 kernel (AR)
\caption@tempdima=\dimen162
\captionmargin=\dimen163
\caption@leftmargin=\dimen164
\caption@rightmargin=\dimen165
\caption@width=\dimen166
\caption@indent=\dimen167
\caption@parindent=\dimen168
\caption@hangindent=\dimen169
Package caption Info: Standard document class detected.
Package caption Info: french babel package is loaded.
)
\c@caption@flags=\count285
\c@continuedfloat=\count286
)
(/usr/local/texlive/2023/texmf-dist/tex/latex/caption/subcaption.sty
Package: subcaption 2023/02/19 v1.6 Sub-captions (AR)
Package caption Info: New subtype `subfigure' on input line 239.
\c@subfigure=\count287
Package caption Info: New subtype `subtable' on input line 239.
\c@subtable=\count288
)
(/usr/local/texlive/2023/texmf-dist/tex/latex/tools/longtable.sty
Package: longtable 2021-09-01 v4.17 Multi-page Table package (DPC)
\LTleft=\skip53
\LTright=\skip54
\LTpre=\skip55
\LTpost=\skip56
\LTchunksize=\count289
\LTcapwidth=\dimen170
\LT@head=\box54
\LT@firsthead=\box55
\LT@foot=\box56
\LT@lastfoot=\box57
\LT@gbox=\box58
\LT@cols=\count290
\LT@rows=\count291
\c@LT@tables=\count292
\c@LT@chunks=\count293
\LT@p@ftn=\toks25
)
(/usr/local/texlive/2023/texmf-dist/tex/latex/geometry/geometry.sty
Package: geometry 2020/01/02 v5.9 Page Geometry

(/usr/local/texlive/2023/texmf-dist/tex/generic/iftex/ifvtex.sty
Package: ifvtex 2019/10/25 v1.7 ifvtex legacy package. Use iftex instead.

(/usr/local/texlive/2023/texmf-dist/tex/generic/iftex/iftex.sty
Package: iftex 2022/02/03 v1.0f TeX engine tests
))
\Gm@cnth=\count294
\Gm@cntv=\count295
\c@Gm@tempcnt=\count296
\Gm@bindingoffset=\dimen171
\Gm@wd@mp=\dimen172
\Gm@odd@mp=\dimen173
\Gm@even@mp=\dimen174
\Gm@layoutwidth=\dimen175
\Gm@layoutheight=\dimen176
\Gm@layouthoffset=\dimen177
\Gm@layoutvoffset=\dimen178
\Gm@dimlist=\toks26
)
(/usr/local/texlive/2023/texmf-dist/tex/latex/titlesec/titlesec.sty
Package: titlesec 2021/07/05 v2.14 Sectioning titles
\ttl@box=\box59
\beforetitleunit=\skip57
\aftertitleunit=\skip58
\ttl@plus=\dimen179
\ttl@minus=\dimen180
\ttl@toksa=\toks27
\titlewidth=\dimen181
\titlewidthlast=\dimen182
\titlewidthfirst=\dimen183
)
(/usr/local/texlive/2023/texmf-dist/tex/latex/amsfonts/amsfonts.sty
Package: amsfonts 2013/01/14 v3.01 Basic AMSFonts support
\symAMSa=\mathgroup4
\symAMSb=\mathgroup5
LaTeX Font Info:    Redeclaring math symbol \hbar on input line 98.
LaTeX Font Info:    Overwriting math alphabet `\mathfrak' in version `bold'
(Font)                  U/euf/m/n --> U/euf/b/n on input line 106.
)
(/usr/local/texlive/2023/texmf-dist/tex/latex/graphics/epsfig.sty
Package: epsfig 2017/06/25 v1.7b (e)psfig emulation (SPQR)
\epsfxsize=\dimen184
\epsfysize=\dimen185
)
(/usr/local/texlive/2023/texmf-dist/tex/latex/cite/cite.sty
LaTeX Info: Redefining \cite on input line 302.
LaTeX Info: Redefining \nocite on input line 332.
Package: cite 2015/02/27  v 5.5
)
(/usr/local/texlive/2023/texmf-dist/tex/latex/tools/array.sty
Package: array 2022/09/04 v2.5g Tabular extension package (FMi)
\col@sep=\dimen186
\ar@mcellbox=\box60
\extrarowheight=\dimen187
\NC@list=\toks28
\extratabsurround=\skip59
\backup@length=\skip60
\ar@cellbox=\box61
)
(/usr/local/texlive/2023/texmf-dist/tex/latex/multirow/multirow.sty
Package: multirow 2021/03/15 v2.8 Span multiple rows of a table
\multirow@colwidth=\skip61
\multirow@cntb=\count297
\multirow@dima=\skip62
\bigstrutjot=\dimen188
)
(/usr/local/texlive/2023/texmf-dist/tex/latex/amscls/amsthm.sty
Package: amsthm 2020/05/29 v2.20.6
\thm@style=\toks29
\thm@bodyfont=\toks30
\thm@headfont=\toks31
\thm@notefont=\toks32
\thm@headpunct=\toks33
\thm@preskip=\skip63
\thm@postskip=\skip64
\thm@headsep=\skip65
\dth@everypar=\toks34
)
(/usr/local/texlive/2023/texmf-dist/tex/latex/ltablex/ltablex.sty
Package: ltablex 2014/08/13 v1.1 Modified tabularx

(/usr/local/texlive/2023/texmf-dist/tex/latex/tools/tabularx.sty
Package: tabularx 2020/01/15 v2.11c `tabularx' package (DPC)
\TX@col@width=\dimen189
\TX@old@table=\dimen190
\TX@old@col=\dimen191
\TX@target=\dimen192
\TX@delta=\dimen193
\TX@cols=\count298
\TX@ftn=\toks35
))
(/usr/local/texlive/2023/texmf-dist/tex/latex/setspace/setspace.sty
Package: setspace 2022/12/04 v6.7b set line spacing
)
(/usr/local/texlive/2023/texmf-dist/tex/latex/arydshln/arydshln.sty
Package: arydshln 2019/02/21 v1.76 
\dashlinedash=\dimen194
\dashlinegap=\dimen195
\adl@box=\box62
\adl@height=\dimen196
\adl@heightsave=\dimen197
\adl@depth=\dimen198
\adl@depthsave=\dimen199
\adl@finaldepth=\dimen256
\adl@columns=\count299
\adl@ncol=\count300
\adl@currentcolumn=\count301
\adl@currentcolumnsave=\count302
\adl@totalheight=\count303
\adl@totalheightsave=\count304
\adl@dash=\count305
\adl@gap=\count306
\adl@cla=\count307
\adl@clb=\count308
\adl@everyvbox=\toks36
\adl@LTpagetotal=\dimen257
)
(/usr/local/texlive/2023/texmf-dist/tex/latex/amsfonts/amssymb.sty
Package: amssymb 2013/01/14 v3.01 AMS font symbols
)
(/usr/local/texlive/2023/texmf-dist/tex/latex/schemabloc/schemabloc.sty
Package: schemabloc 2006/12/29

(/usr/local/texlive/2023/texmf-dist/tex/latex/base/ifthen.sty
Package: ifthen 2022/04/13 v1.1d Standard LaTeX ifthen package (DPC)
)
(/usr/local/texlive/2023/texmf-dist/tex/latex/pgf/frontendlayer/tikz.sty
(/usr/local/texlive/2023/texmf-dist/tex/latex/pgf/basiclayer/pgf.sty
(/usr/local/texlive/2023/texmf-dist/tex/latex/pgf/utilities/pgfrcs.sty
(/usr/local/texlive/2023/texmf-dist/tex/generic/pgf/utilities/pgfutil-common.te
x
\pgfutil@everybye=\toks37
\pgfutil@tempdima=\dimen258
\pgfutil@tempdimb=\dimen259
)
(/usr/local/texlive/2023/texmf-dist/tex/generic/pgf/utilities/pgfutil-latex.def
\pgfutil@abb=\box63
) (/usr/local/texlive/2023/texmf-dist/tex/generic/pgf/utilities/pgfrcs.code.tex
(/usr/local/texlive/2023/texmf-dist/tex/generic/pgf/pgf.revision.tex)
Package: pgfrcs 2023-01-15 v3.1.10 (3.1.10)
))
Package: pgf 2023-01-15 v3.1.10 (3.1.10)

(/usr/local/texlive/2023/texmf-dist/tex/latex/pgf/basiclayer/pgfcore.sty
(/usr/local/texlive/2023/texmf-dist/tex/latex/pgf/systemlayer/pgfsys.sty
(/usr/local/texlive/2023/texmf-dist/tex/generic/pgf/systemlayer/pgfsys.code.tex
Package: pgfsys 2023-01-15 v3.1.10 (3.1.10)
(/usr/local/texlive/2023/texmf-dist/tex/generic/pgf/utilities/pgfkeys.code.tex
\pgfkeys@pathtoks=\toks38
\pgfkeys@temptoks=\toks39

(/usr/local/texlive/2023/texmf-dist/tex/generic/pgf/utilities/pgfkeyslibraryfil
tered.code.tex
\pgfkeys@tmptoks=\toks40
))
\pgf@x=\dimen260
\pgf@y=\dimen261
\pgf@xa=\dimen262
\pgf@ya=\dimen263
\pgf@xb=\dimen264
\pgf@yb=\dimen265
\pgf@xc=\dimen266
\pgf@yc=\dimen267
\pgf@xd=\dimen268
\pgf@yd=\dimen269
\w@pgf@writea=\write3
\r@pgf@reada=\read3
\c@pgf@counta=\count309
\c@pgf@countb=\count310
\c@pgf@countc=\count311
\c@pgf@countd=\count312
\t@pgf@toka=\toks41
\t@pgf@tokb=\toks42
\t@pgf@tokc=\toks43
\pgf@sys@id@count=\count313

(/usr/local/texlive/2023/texmf-dist/tex/generic/pgf/systemlayer/pgf.cfg
File: pgf.cfg 2023-01-15 v3.1.10 (3.1.10)
)
Driver file for pgf: pgfsys-pdftex.def

(/usr/local/texlive/2023/texmf-dist/tex/generic/pgf/systemlayer/pgfsys-pdftex.d
ef
File: pgfsys-pdftex.def 2023-01-15 v3.1.10 (3.1.10)

(/usr/local/texlive/2023/texmf-dist/tex/generic/pgf/systemlayer/pgfsys-common-p
df.def
File: pgfsys-common-pdf.def 2023-01-15 v3.1.10 (3.1.10)
)))
(/usr/local/texlive/2023/texmf-dist/tex/generic/pgf/systemlayer/pgfsyssoftpath.
code.tex
File: pgfsyssoftpath.code.tex 2023-01-15 v3.1.10 (3.1.10)
\pgfsyssoftpath@smallbuffer@items=\count314
\pgfsyssoftpath@bigbuffer@items=\count315
)
(/usr/local/texlive/2023/texmf-dist/tex/generic/pgf/systemlayer/pgfsysprotocol.
code.tex
File: pgfsysprotocol.code.tex 2023-01-15 v3.1.10 (3.1.10)
)) (/usr/local/texlive/2023/texmf-dist/tex/latex/xcolor/xcolor.sty
Package: xcolor 2022/06/12 v2.14 LaTeX color extensions (UK)

(/usr/local/texlive/2023/texmf-dist/tex/latex/graphics-cfg/color.cfg
File: color.cfg 2016/01/02 v1.6 sample color configuration
)
Package xcolor Info: Driver file: pdftex.def on input line 227.

(/usr/local/texlive/2023/texmf-dist/tex/latex/graphics/mathcolor.ltx)
Package xcolor Info: Model `cmy' substituted by `cmy0' on input line 1353.
Package xcolor Info: Model `hsb' substituted by `rgb' on input line 1357.
Package xcolor Info: Model `RGB' extended on input line 1369.
Package xcolor Info: Model `HTML' substituted by `rgb' on input line 1371.
Package xcolor Info: Model `Hsb' substituted by `hsb' on input line 1372.
Package xcolor Info: Model `tHsb' substituted by `hsb' on input line 1373.
Package xcolor Info: Model `HSB' substituted by `hsb' on input line 1374.
Package xcolor Info: Model `Gray' substituted by `gray' on input line 1375.
Package xcolor Info: Model `wave' substituted by `hsb' on input line 1376.
)
(/usr/local/texlive/2023/texmf-dist/tex/generic/pgf/basiclayer/pgfcore.code.tex
Package: pgfcore 2023-01-15 v3.1.10 (3.1.10)
(/usr/local/texlive/2023/texmf-dist/tex/generic/pgf/math/pgfmath.code.tex
(/usr/local/texlive/2023/texmf-dist/tex/generic/pgf/math/pgfmathutil.code.tex)
(/usr/local/texlive/2023/texmf-dist/tex/generic/pgf/math/pgfmathparser.code.tex
\pgfmath@dimen=\dimen270
\pgfmath@count=\count316
\pgfmath@box=\box64
\pgfmath@toks=\toks44
\pgfmath@stack@operand=\toks45
\pgfmath@stack@operation=\toks46
)
(/usr/local/texlive/2023/texmf-dist/tex/generic/pgf/math/pgfmathfunctions.code.
tex)
(/usr/local/texlive/2023/texmf-dist/tex/generic/pgf/math/pgfmathfunctions.basic
.code.tex)
(/usr/local/texlive/2023/texmf-dist/tex/generic/pgf/math/pgfmathfunctions.trigo
nometric.code.tex)
(/usr/local/texlive/2023/texmf-dist/tex/generic/pgf/math/pgfmathfunctions.rando
m.code.tex)
(/usr/local/texlive/2023/texmf-dist/tex/generic/pgf/math/pgfmathfunctions.compa
rison.code.tex)
(/usr/local/texlive/2023/texmf-dist/tex/generic/pgf/math/pgfmathfunctions.base.
code.tex)
(/usr/local/texlive/2023/texmf-dist/tex/generic/pgf/math/pgfmathfunctions.round
.code.tex)
(/usr/local/texlive/2023/texmf-dist/tex/generic/pgf/math/pgfmathfunctions.misc.
code.tex)
(/usr/local/texlive/2023/texmf-dist/tex/generic/pgf/math/pgfmathfunctions.integ
erarithmetics.code.tex)
(/usr/local/texlive/2023/texmf-dist/tex/generic/pgf/math/pgfmathcalc.code.tex)
(/usr/local/texlive/2023/texmf-dist/tex/generic/pgf/math/pgfmathfloat.code.tex
\c@pgfmathroundto@lastzeros=\count317
)) (/usr/local/texlive/2023/texmf-dist/tex/generic/pgf/math/pgfint.code.tex)
(/usr/local/texlive/2023/texmf-dist/tex/generic/pgf/basiclayer/pgfcorepoints.co
de.tex
File: pgfcorepoints.code.tex 2023-01-15 v3.1.10 (3.1.10)
\pgf@picminx=\dimen271
\pgf@picmaxx=\dimen272
\pgf@picminy=\dimen273
\pgf@picmaxy=\dimen274
\pgf@pathminx=\dimen275
\pgf@pathmaxx=\dimen276
\pgf@pathminy=\dimen277
\pgf@pathmaxy=\dimen278
\pgf@xx=\dimen279
\pgf@xy=\dimen280
\pgf@yx=\dimen281
\pgf@yy=\dimen282
\pgf@zx=\dimen283
\pgf@zy=\dimen284
)
(/usr/local/texlive/2023/texmf-dist/tex/generic/pgf/basiclayer/pgfcorepathconst
ruct.code.tex
File: pgfcorepathconstruct.code.tex 2023-01-15 v3.1.10 (3.1.10)
\pgf@path@lastx=\dimen285
\pgf@path@lasty=\dimen286
)
(/usr/local/texlive/2023/texmf-dist/tex/generic/pgf/basiclayer/pgfcorepathusage
.code.tex
File: pgfcorepathusage.code.tex 2023-01-15 v3.1.10 (3.1.10)
\pgf@shorten@end@additional=\dimen287
\pgf@shorten@start@additional=\dimen288
)
(/usr/local/texlive/2023/texmf-dist/tex/generic/pgf/basiclayer/pgfcorescopes.co
de.tex
File: pgfcorescopes.code.tex 2023-01-15 v3.1.10 (3.1.10)
\pgfpic=\box65
\pgf@hbox=\box66
\pgf@layerbox@main=\box67
\pgf@picture@serial@count=\count318
)
(/usr/local/texlive/2023/texmf-dist/tex/generic/pgf/basiclayer/pgfcoregraphicst
ate.code.tex
File: pgfcoregraphicstate.code.tex 2023-01-15 v3.1.10 (3.1.10)
\pgflinewidth=\dimen289
)
(/usr/local/texlive/2023/texmf-dist/tex/generic/pgf/basiclayer/pgfcoretransform
ations.code.tex
File: pgfcoretransformations.code.tex 2023-01-15 v3.1.10 (3.1.10)
\pgf@pt@x=\dimen290
\pgf@pt@y=\dimen291
\pgf@pt@temp=\dimen292
)
(/usr/local/texlive/2023/texmf-dist/tex/generic/pgf/basiclayer/pgfcorequick.cod
e.tex
File: pgfcorequick.code.tex 2023-01-15 v3.1.10 (3.1.10)
)
(/usr/local/texlive/2023/texmf-dist/tex/generic/pgf/basiclayer/pgfcoreobjects.c
ode.tex
File: pgfcoreobjects.code.tex 2023-01-15 v3.1.10 (3.1.10)
)
(/usr/local/texlive/2023/texmf-dist/tex/generic/pgf/basiclayer/pgfcorepathproce
ssing.code.tex
File: pgfcorepathprocessing.code.tex 2023-01-15 v3.1.10 (3.1.10)
)
(/usr/local/texlive/2023/texmf-dist/tex/generic/pgf/basiclayer/pgfcorearrows.co
de.tex
File: pgfcorearrows.code.tex 2023-01-15 v3.1.10 (3.1.10)
\pgfarrowsep=\dimen293
)
(/usr/local/texlive/2023/texmf-dist/tex/generic/pgf/basiclayer/pgfcoreshade.cod
e.tex
File: pgfcoreshade.code.tex 2023-01-15 v3.1.10 (3.1.10)
\pgf@max=\dimen294
\pgf@sys@shading@range@num=\count319
\pgf@shadingcount=\count320
)
(/usr/local/texlive/2023/texmf-dist/tex/generic/pgf/basiclayer/pgfcoreimage.cod
e.tex
File: pgfcoreimage.code.tex 2023-01-15 v3.1.10 (3.1.10)
)
(/usr/local/texlive/2023/texmf-dist/tex/generic/pgf/basiclayer/pgfcoreexternal.
code.tex
File: pgfcoreexternal.code.tex 2023-01-15 v3.1.10 (3.1.10)
\pgfexternal@startupbox=\box68
)
(/usr/local/texlive/2023/texmf-dist/tex/generic/pgf/basiclayer/pgfcorelayers.co
de.tex
File: pgfcorelayers.code.tex 2023-01-15 v3.1.10 (3.1.10)
)
(/usr/local/texlive/2023/texmf-dist/tex/generic/pgf/basiclayer/pgfcoretranspare
ncy.code.tex
File: pgfcoretransparency.code.tex 2023-01-15 v3.1.10 (3.1.10)
)
(/usr/local/texlive/2023/texmf-dist/tex/generic/pgf/basiclayer/pgfcorepatterns.
code.tex
File: pgfcorepatterns.code.tex 2023-01-15 v3.1.10 (3.1.10)
)
(/usr/local/texlive/2023/texmf-dist/tex/generic/pgf/basiclayer/pgfcorerdf.code.
tex
File: pgfcorerdf.code.tex 2023-01-15 v3.1.10 (3.1.10)
)))
(/usr/local/texlive/2023/texmf-dist/tex/generic/pgf/modules/pgfmoduleshapes.cod
e.tex
File: pgfmoduleshapes.code.tex 2023-01-15 v3.1.10 (3.1.10)
\pgfnodeparttextbox=\box69
)
(/usr/local/texlive/2023/texmf-dist/tex/generic/pgf/modules/pgfmoduleplot.code.
tex
File: pgfmoduleplot.code.tex 2023-01-15 v3.1.10 (3.1.10)
)
(/usr/local/texlive/2023/texmf-dist/tex/latex/pgf/compatibility/pgfcomp-version
-0-65.sty
Package: pgfcomp-version-0-65 2023-01-15 v3.1.10 (3.1.10)
\pgf@nodesepstart=\dimen295
\pgf@nodesepend=\dimen296
)
(/usr/local/texlive/2023/texmf-dist/tex/latex/pgf/compatibility/pgfcomp-version
-1-18.sty
Package: pgfcomp-version-1-18 2023-01-15 v3.1.10 (3.1.10)
))
(/usr/local/texlive/2023/texmf-dist/tex/latex/pgf/utilities/pgffor.sty
(/usr/local/texlive/2023/texmf-dist/tex/latex/pgf/utilities/pgfkeys.sty
(/usr/local/texlive/2023/texmf-dist/tex/generic/pgf/utilities/pgfkeys.code.tex)
) (/usr/local/texlive/2023/texmf-dist/tex/latex/pgf/math/pgfmath.sty
(/usr/local/texlive/2023/texmf-dist/tex/generic/pgf/math/pgfmath.code.tex))
(/usr/local/texlive/2023/texmf-dist/tex/generic/pgf/utilities/pgffor.code.tex
Package: pgffor 2023-01-15 v3.1.10 (3.1.10)
\pgffor@iter=\dimen297
\pgffor@skip=\dimen298
\pgffor@stack=\toks47
\pgffor@toks=\toks48
))
(/usr/local/texlive/2023/texmf-dist/tex/generic/pgf/frontendlayer/tikz/tikz.cod
e.tex
Package: tikz 2023-01-15 v3.1.10 (3.1.10)

(/usr/local/texlive/2023/texmf-dist/tex/generic/pgf/libraries/pgflibraryplothan
dlers.code.tex
File: pgflibraryplothandlers.code.tex 2023-01-15 v3.1.10 (3.1.10)
\pgf@plot@mark@count=\count321
\pgfplotmarksize=\dimen299
)
\tikz@lastx=\dimen300
\tikz@lasty=\dimen301
\tikz@lastxsaved=\dimen302
\tikz@lastysaved=\dimen303
\tikz@lastmovetox=\dimen304
\tikz@lastmovetoy=\dimen305
\tikzleveldistance=\dimen306
\tikzsiblingdistance=\dimen307
\tikz@figbox=\box70
\tikz@figbox@bg=\box71
\tikz@tempbox=\box72
\tikz@tempbox@bg=\box73
\tikztreelevel=\count322
\tikznumberofchildren=\count323
\tikznumberofcurrentchild=\count324
\tikz@fig@count=\count325

(/usr/local/texlive/2023/texmf-dist/tex/generic/pgf/modules/pgfmodulematrix.cod
e.tex
File: pgfmodulematrix.code.tex 2023-01-15 v3.1.10 (3.1.10)
\pgfmatrixcurrentrow=\count326
\pgfmatrixcurrentcolumn=\count327
\pgf@matrix@numberofcolumns=\count328
)
\tikz@expandcount=\count329

(/usr/local/texlive/2023/texmf-dist/tex/generic/pgf/frontendlayer/tikz/librarie
s/tikzlibrarytopaths.code.tex
File: tikzlibrarytopaths.code.tex 2023-01-15 v3.1.10 (3.1.10)
)))
(/usr/local/texlive/2023/texmf-dist/tex/generic/pgf/frontendlayer/tikz/librarie
s/tikzlibraryshapes.code.tex
File: tikzlibraryshapes.code.tex 2023-01-15 v3.1.10 (3.1.10)

(/usr/local/texlive/2023/texmf-dist/tex/generic/pgf/frontendlayer/tikz/librarie
s/tikzlibraryshapes.geometric.code.tex
File: tikzlibraryshapes.geometric.code.tex 2023-01-15 v3.1.10 (3.1.10)

(/usr/local/texlive/2023/texmf-dist/tex/generic/pgf/libraries/shapes/pgflibrary
shapes.geometric.code.tex
File: pgflibraryshapes.geometric.code.tex 2023-01-15 v3.1.10 (3.1.10)
))
(/usr/local/texlive/2023/texmf-dist/tex/generic/pgf/frontendlayer/tikz/librarie
s/tikzlibraryshapes.misc.code.tex
File: tikzlibraryshapes.misc.code.tex 2023-01-15 v3.1.10 (3.1.10)

(/usr/local/texlive/2023/texmf-dist/tex/generic/pgf/libraries/shapes/pgflibrary
shapes.misc.code.tex
File: pgflibraryshapes.misc.code.tex 2023-01-15 v3.1.10 (3.1.10)
))
(/usr/local/texlive/2023/texmf-dist/tex/generic/pgf/frontendlayer/tikz/librarie
s/tikzlibraryshapes.symbols.code.tex
File: tikzlibraryshapes.symbols.code.tex 2023-01-15 v3.1.10 (3.1.10)

(/usr/local/texlive/2023/texmf-dist/tex/generic/pgf/libraries/shapes/pgflibrary
shapes.symbols.code.tex
File: pgflibraryshapes.symbols.code.tex 2023-01-15 v3.1.10 (3.1.10)
))
(/usr/local/texlive/2023/texmf-dist/tex/generic/pgf/frontendlayer/tikz/librarie
s/tikzlibraryshapes.arrows.code.tex
File: tikzlibraryshapes.arrows.code.tex 2023-01-15 v3.1.10 (3.1.10)

(/usr/local/texlive/2023/texmf-dist/tex/generic/pgf/libraries/shapes/pgflibrary
shapes.arrows.code.tex
File: pgflibraryshapes.arrows.code.tex 2023-01-15 v3.1.10 (3.1.10)
))
(/usr/local/texlive/2023/texmf-dist/tex/generic/pgf/frontendlayer/tikz/librarie
s/tikzlibraryshapes.callouts.code.tex
(/usr/local/texlive/2023/texmf-dist/tex/generic/pgf/libraries/shapes/pgflibrary
shapes.callouts.code.tex))
(/usr/local/texlive/2023/texmf-dist/tex/generic/pgf/frontendlayer/tikz/librarie
s/tikzlibraryshapes.multipart.code.tex
File: tikzlibraryshapes.multipart.code.tex 2023-01-15 v3.1.10 (3.1.10)

(/usr/local/texlive/2023/texmf-dist/tex/generic/pgf/libraries/shapes/pgflibrary
shapes.multipart.code.tex
File: pgflibraryshapes.multipart.code.tex 2023-01-15 v3.1.10 (3.1.10)
\pgfnodepartlowerbox=\box74
\pgfnodeparttwobox=\box75
\pgfnodepartthreebox=\box76
\pgfnodepartfourbox=\box77
\pgfnodeparttwentybox=\box78
\pgfnodepartnineteenbox=\box79
\pgfnodeparteighteenbox=\box80
\pgfnodepartseventeenbox=\box81
\pgfnodepartsixteenbox=\box82
\pgfnodepartfifteenbox=\box83
\pgfnodepartfourteenbox=\box84
\pgfnodepartthirteenbox=\box85
\pgfnodeparttwelvebox=\box86
\pgfnodepartelevenbox=\box87
\pgfnodeparttenbox=\box88
\pgfnodepartninebox=\box89
\pgfnodeparteightbox=\box90
\pgfnodepartsevenbox=\box91
\pgfnodepartsixbox=\box92
\pgfnodepartfivebox=\box93
)))
(/usr/local/texlive/2023/texmf-dist/tex/generic/pgf/frontendlayer/tikz/librarie
s/tikzlibraryarrows.code.tex
File: tikzlibraryarrows.code.tex 2023-01-15 v3.1.10 (3.1.10)

(/usr/local/texlive/2023/texmf-dist/tex/generic/pgf/libraries/pgflibraryarrows.
code.tex
File: pgflibraryarrows.code.tex 2023-01-15 v3.1.10 (3.1.10)
\arrowsize=\dimen308
)))
(/usr/local/texlive/2023/texmf-dist/tex/generic/pgf/frontendlayer/tikz/librarie
s/circuits/tikzlibrarycircuits.code.tex
(/usr/local/texlive/2023/texmf-dist/tex/generic/pgf/frontendlayer/tikz/librarie
s/tikzlibrarycalc.code.tex
File: tikzlibrarycalc.code.tex 2023-01-15 v3.1.10 (3.1.10)
)
(/usr/local/texlive/2023/texmf-dist/tex/generic/pgf/frontendlayer/tikz/librarie
s/tikzlibrarydecorations.markings.code.tex
(/usr/local/texlive/2023/texmf-dist/tex/generic/pgf/frontendlayer/tikz/librarie
s/tikzlibrarydecorations.code.tex
(/usr/local/texlive/2023/texmf-dist/tex/generic/pgf/modules/pgfmoduledecoration
s.code.tex
\pgfdecoratedcompleteddistance=\dimen309
\pgfdecoratedremainingdistance=\dimen310
\pgfdecoratedinputsegmentcompleteddistance=\dimen311
\pgfdecoratedinputsegmentremainingdistance=\dimen312
\pgf@decorate@distancetomove=\dimen313
\pgf@decorate@repeatstate=\count330
\pgfdecorationsegmentamplitude=\dimen314
\pgfdecorationsegmentlength=\dimen315
)
\tikz@lib@dec@box=\box94
)
(/usr/local/texlive/2023/texmf-dist/tex/generic/pgf/libraries/decorations/pgfli
brarydecorations.markings.code.tex))
\tikz@lib@circ@count=\count331
\tikzcircuitssizeunit=\dimen316
)
\c@theorem=\count332
\c@lemma=\count333

(/usr/local/texlive/2023/texmf-dist/tex/latex/bbm-macros/bbm.sty
Package: bbm 1999/03/15 V 1.2 provides fonts for set symbols - TH
LaTeX Font Info:    Overwriting math alphabet `\mathbbm' in version `bold'
(Font)                  U/bbm/m/n --> U/bbm/bx/n on input line 33.
LaTeX Font Info:    Overwriting math alphabet `\mathbbmss' in version `bold'
(Font)                  U/bbmss/m/n --> U/bbmss/bx/n on input line 35.
)
(/usr/local/texlive/2023/texmf-dist/tex/latex/mathtools/mathtools.sty
Package: mathtools 2022/06/29 v1.29 mathematical typesetting tools

(/usr/local/texlive/2023/texmf-dist/tex/latex/tools/calc.sty
Package: calc 2017/05/25 v4.3 Infix arithmetic (KKT,FJ)
\calc@Acount=\count334
\calc@Bcount=\count335
\calc@Adimen=\dimen317
\calc@Bdimen=\dimen318
\calc@Askip=\skip66
\calc@Bskip=\skip67
LaTeX Info: Redefining \setlength on input line 80.
LaTeX Info: Redefining \addtolength on input line 81.
\calc@Ccount=\count336
\calc@Cskip=\skip68
)
(/usr/local/texlive/2023/texmf-dist/tex/latex/mathtools/mhsetup.sty
Package: mhsetup 2021/03/18 v1.4 programming setup (MH)
)
\g_MT_multlinerow_int=\count337
\l_MT_multwidth_dim=\dimen319
\origjot=\skip69
\l_MT_shortvdotswithinadjustabove_dim=\dimen320
\l_MT_shortvdotswithinadjustbelow_dim=\dimen321
\l_MT_above_intertext_sep=\dimen322
\l_MT_below_intertext_sep=\dimen323
\l_MT_above_shortintertext_sep=\dimen324
\l_MT_below_shortintertext_sep=\dimen325
\xmathstrut@box=\box95
\xmathstrut@dim=\dimen326
)
(/usr/local/texlive/2023/texmf-dist/tex/latex/base/textcomp.sty
Package: textcomp 2020/02/02 v2.0n Standard LaTeX package
)
(/usr/local/texlive/2023/texmf-dist/tex/latex/stackengine/stackengine.sty
Package: stackengine 2021/07/22 v4.11\ Stacking text and objects in convenient 
ways

(/usr/local/texlive/2023/texmf-dist/tex/latex/etoolbox/etoolbox.sty
Package: etoolbox 2020/10/05 v2.5k e-TeX tools for LaTeX (JAW)
\etb@tempcnta=\count338
)
(/usr/local/texlive/2023/texmf-dist/tex/generic/listofitems/listofitems.sty
(/usr/local/texlive/2023/texmf-dist/tex/generic/listofitems/listofitems.tex
\loi_cnt_foreach_nest=\count339
\loi_nestcnt=\count340
)
Package: listofitems 2019/08/21 v1.63 Grab items in lists using user-specified 
sep char (CT)
)
\c@@stackindex=\count341
\@boxshift=\skip70
\stack@tmplength=\skip71
\temp@stkl=\skip72
\@stackedboxwidth=\skip73
\@addedbox=\box96
\@anchorbox=\box97
\@insetbox=\box98
\se@backgroundbox=\box99
\stackedbox=\box100
\@centerbox=\box101
\c@ROWcellindex@=\count342
)
(/usr/local/texlive/2023/texmf-dist/tex/latex/booktabs/booktabs.sty
Package: booktabs 2020/01/12 v1.61803398 Publication quality tables
\heavyrulewidth=\dimen327
\lightrulewidth=\dimen328
\cmidrulewidth=\dimen329
\belowrulesep=\dimen330
\belowbottomsep=\dimen331
\aboverulesep=\dimen332
\abovetopsep=\dimen333
\cmidrulesep=\dimen334
\cmidrulekern=\dimen335
\defaultaddspace=\dimen336
\@cmidla=\count343
\@cmidlb=\count344
\@aboverulesep=\dimen337
\@belowrulesep=\dimen338
\@thisruleclass=\count345
\@lastruleclass=\count346
\@thisrulewidth=\dimen339
)
(/usr/local/texlive/2023/texmf-dist/tex/latex/epigraph/epigraph.sty
Package: epigraph 2020/01/02 v1.5e typesetting epigraphs

(/usr/local/texlive/2023/texmf-dist/tex/latex/nextpage/nextpage.sty
Package: nextpage 2009/09/03 v1.1a additional page commands
)
\beforeepigraphskip=\skip74
\afterepigraphskip=\skip75
\epigraphwidth=\skip76
\epigraphrule=\skip77
)
(/usr/local/texlive/2023/texmf-dist/tex/latex/minitoc/minitoc.sty
Package: minitoc 2018/07/12 v62 Package minitoc

(/usr/local/texlive/2023/texmf-dist/tex/latex/minitoc/mtcmess.sty
Package: mtcmess 2006/03/14
)
Package minitoc Info: I0001
(minitoc)             *** minitoc package, version 62 ***.
\tf@mtc=\write4
\mtcindent=\skip78
\mtcskipamount=\skip79
Package minitoc Info: I0005
(minitoc)             compatible with hyperref.
Package minitoc Info: I0023
(minitoc)             part level macros available.
Package minitoc Info: I0003
(minitoc)             chapter level macros available.
\mtc@toks=\toks49
\mtc@strutbox=\box102
\mtc@hstrutbox=\box103
Package minitoc Info: I0002
(minitoc)             Autoconfiguration of extensions.
\openout4 = `manuscript.mtc0'.

\openout4 = `manuscript.mtc'.


(./manuscript.mtc0)
Package minitoc Info: I0012
(minitoc)             Long extensions (Unix-like) will be used.
Package minitoc Info: I0031
(minitoc)             ==> this version is configured for UNIX-like 
(minitoc)                 (long extensions) file names.
\openout4 = `manuscript.mtc'.

\openout4 = `manuscript.mtc0'.

\c@mtc=\count347
\c@minitocdepth=\count348
\c@ptc=\count349
\c@parttocdepth=\count350
\ptcindent=\skip80
Package minitoc Info: I0010
(minitoc)             The english language is selected.
(minitoc)              on input line 4910.

(/usr/local/texlive/2023/texmf-dist/tex/latex/minitoc/english.mld
File: english.mld 2006/01/13
)
(/usr/local/texlive/2023/texmf-dist/tex/latex/minitoc/english.mld
File: english.mld 2006/01/13
)
Package minitoc Info: I0010
(minitoc)             The french language is selected.
(minitoc)              on input line 4911.

(/usr/local/texlive/2023/texmf-dist/tex/latex/minitoc/french.mld
File: french.mld 2006/03/21
))
(/usr/local/texlive/2023/texmf-dist/tex/latex/blindtext/blindtext.sty
Package: blindtext 2012/01/06 V2.0 blindtext-Package

(/usr/local/texlive/2023/texmf-dist/tex/latex/tools/xspace.sty
Package: xspace 2014/10/28 v1.13 Space after command names (DPC,MH)
)
\c@blindtext=\count351
\c@Blindtext=\count352
\c@blind@countparstart=\count353
\blind@countxx=\count354
\blindtext@numBlindtext=\count355
\blind@countyy=\count356
\c@blindlist=\count357
\c@blindlistlevel=\count358
\c@blindlist@level=\count359
\blind@listitem=\count360
\c@blind@listcount=\count361
\c@blind@levelcount=\count362
\blind@mathformula=\count363
\blind@Mathformula=\count364
\c@blind@randomcount=\count365
\c@blind@randommax=\count366
\c@blind@pangramcount=\count367
\c@blind@pangrammax=\count368
)
(/usr/local/texlive/2023/texmf-dist/tex/latex/url/url.sty
\Urlmuskip=\muskip17
Package: url 2013/09/16  ver 3.4  Verb mode for urls, etc.
)
(/usr/local/texlive/2023/texmf-dist/tex/latex/hyperref/hyperref.sty
Package: hyperref 2023-02-07 v7.00v Hypertext links for LaTeX

(/usr/local/texlive/2023/texmf-dist/tex/generic/ltxcmds/ltxcmds.sty
Package: ltxcmds 2020-05-10 v1.25 LaTeX kernel commands for general use (HO)
)
(/usr/local/texlive/2023/texmf-dist/tex/generic/pdftexcmds/pdftexcmds.sty
Package: pdftexcmds 2020-06-27 v0.33 Utility functions of pdfTeX for LuaTeX (HO
)

(/usr/local/texlive/2023/texmf-dist/tex/generic/infwarerr/infwarerr.sty
Package: infwarerr 2019/12/03 v1.5 Providing info/warning/error messages (HO)
)
Package pdftexcmds Info: \pdf@primitive is available.
Package pdftexcmds Info: \pdf@ifprimitive is available.
Package pdftexcmds Info: \pdfdraftmode found.
)
(/usr/local/texlive/2023/texmf-dist/tex/latex/kvsetkeys/kvsetkeys.sty
Package: kvsetkeys 2022-10-05 v1.19 Key value parser (HO)
)
(/usr/local/texlive/2023/texmf-dist/tex/generic/kvdefinekeys/kvdefinekeys.sty
Package: kvdefinekeys 2019-12-19 v1.6 Define keys (HO)
)
(/usr/local/texlive/2023/texmf-dist/tex/generic/pdfescape/pdfescape.sty
Package: pdfescape 2019/12/09 v1.15 Implements pdfTeX's escape features (HO)
)
(/usr/local/texlive/2023/texmf-dist/tex/latex/hycolor/hycolor.sty
Package: hycolor 2020-01-27 v1.10 Color options for hyperref/bookmark (HO)
)
(/usr/local/texlive/2023/texmf-dist/tex/latex/letltxmacro/letltxmacro.sty
Package: letltxmacro 2019/12/03 v1.6 Let assignment for LaTeX macros (HO)
)
(/usr/local/texlive/2023/texmf-dist/tex/latex/auxhook/auxhook.sty
Package: auxhook 2019-12-17 v1.6 Hooks for auxiliary files (HO)
)
(/usr/local/texlive/2023/texmf-dist/tex/latex/hyperref/nameref.sty
Package: nameref 2022-05-17 v2.50 Cross-referencing by name of section

(/usr/local/texlive/2023/texmf-dist/tex/latex/refcount/refcount.sty
Package: refcount 2019/12/15 v3.6 Data extraction from label references (HO)
)
(/usr/local/texlive/2023/texmf-dist/tex/generic/gettitlestring/gettitlestring.s
ty
Package: gettitlestring 2019/12/15 v1.6 Cleanup title references (HO)
 (/usr/local/texlive/2023/texmf-dist/tex/latex/kvoptions/kvoptions.sty
Package: kvoptions 2022-06-15 v3.15 Key value format for package options (HO)
))
\c@section@level=\count369
)
\@linkdim=\dimen340
\Hy@linkcounter=\count370
\Hy@pagecounter=\count371

(/usr/local/texlive/2023/texmf-dist/tex/latex/hyperref/pd1enc.def
File: pd1enc.def 2023-02-07 v7.00v Hyperref: PDFDocEncoding definition (HO)
Now handling font encoding PD1 ...
... no UTF-8 mapping file for font encoding PD1
)
(/usr/local/texlive/2023/texmf-dist/tex/generic/intcalc/intcalc.sty
Package: intcalc 2019/12/15 v1.3 Expandable calculations with integers (HO)
)
(/usr/local/texlive/2023/texmf-dist/tex/generic/etexcmds/etexcmds.sty
Package: etexcmds 2019/12/15 v1.7 Avoid name clashes with e-TeX commands (HO)
)
\Hy@SavedSpaceFactor=\count372

(/usr/local/texlive/2023/texmf-dist/tex/latex/hyperref/puenc.def
File: puenc.def 2023-02-07 v7.00v Hyperref: PDF Unicode definition (HO)
Now handling font encoding PU ...
... no UTF-8 mapping file for font encoding PU
)
Package hyperref Info: Hyper figures OFF on input line 4177.
Package hyperref Info: Link nesting OFF on input line 4182.
Package hyperref Info: Hyper index ON on input line 4185.
Package hyperref Info: Plain pages OFF on input line 4192.
Package hyperref Info: Backreferencing OFF on input line 4197.
Package hyperref Info: Implicit mode ON; LaTeX internals redefined.
Package hyperref Info: Bookmarks ON on input line 4425.
\c@Hy@tempcnt=\count373
LaTeX Info: Redefining \url on input line 4763.
\XeTeXLinkMargin=\dimen341

(/usr/local/texlive/2023/texmf-dist/tex/generic/bitset/bitset.sty
Package: bitset 2019/12/09 v1.3 Handle bit-vector datatype (HO)

(/usr/local/texlive/2023/texmf-dist/tex/generic/bigintcalc/bigintcalc.sty
Package: bigintcalc 2019/12/15 v1.5 Expandable calculations on big integers (HO
)
))
\Fld@menulength=\count374
\Field@Width=\dimen342
\Fld@charsize=\dimen343
Package hyperref Info: Hyper figures OFF on input line 6042.
Package hyperref Info: Link nesting OFF on input line 6047.
Package hyperref Info: Hyper index ON on input line 6050.
Package hyperref Info: backreferencing OFF on input line 6057.
Package hyperref Info: Link coloring OFF on input line 6062.
Package hyperref Info: Link coloring with OCG OFF on input line 6067.
Package hyperref Info: PDF/A mode OFF on input line 6072.

(/usr/local/texlive/2023/texmf-dist/tex/latex/base/atbegshi-ltx.sty
Package: atbegshi-ltx 2021/01/10 v1.0c Emulation of the original atbegshi
package with kernel methods
)
\Hy@abspage=\count375
\c@Item=\count376
\c@Hfootnote=\count377
)
Package hyperref Info: Driver (autodetected): hpdftex.

(/usr/local/texlive/2023/texmf-dist/tex/latex/hyperref/hpdftex.def
File: hpdftex.def 2023-02-07 v7.00v Hyperref driver for pdfTeX

(/usr/local/texlive/2023/texmf-dist/tex/latex/base/atveryend-ltx.sty
Package: atveryend-ltx 2020/08/19 v1.0a Emulation of the original atveryend pac
kage
with kernel methods
)
\Fld@listcount=\count378
\c@bookmark@seq@number=\count379

(/usr/local/texlive/2023/texmf-dist/tex/latex/rerunfilecheck/rerunfilecheck.sty
Package: rerunfilecheck 2022-07-10 v1.10 Rerun checks for auxiliary files (HO)

(/usr/local/texlive/2023/texmf-dist/tex/generic/uniquecounter/uniquecounter.sty
Package: uniquecounter 2019/12/15 v1.4 Provide unlimited unique counter (HO)
)
Package uniquecounter Info: New unique counter `rerunfilecheck' on input line 2
85.
)
\Hy@SectionHShift=\skip81
) (/usr/local/texlive/2023/texmf-dist/tex/latex/float/float.sty
Package: float 2001/11/08 v1.3d Float enhancements (AL)
\c@float@type=\count380
\float@exts=\toks50
\float@box=\box104
\@float@everytoks=\toks51
\@floatcapt=\box105
)
(./manuscript.aux

LaTeX Warning: Label `fig:Architecture CNN Simple' multiply defined.


LaTeX Warning: Label `sec:annexe2' multiply defined.

)
\openout1 = `manuscript.aux'.

LaTeX Font Info:    Checking defaults for OML/cmm/m/it on input line 63.
LaTeX Font Info:    ... okay on input line 63.
LaTeX Font Info:    Checking defaults for OMS/cmsy/m/n on input line 63.
LaTeX Font Info:    ... okay on input line 63.
LaTeX Font Info:    Checking defaults for OT1/cmr/m/n on input line 63.
LaTeX Font Info:    ... okay on input line 63.
LaTeX Font Info:    Checking defaults for T1/cmr/m/n on input line 63.
LaTeX Font Info:    ... okay on input line 63.
LaTeX Font Info:    Checking defaults for TS1/cmr/m/n on input line 63.
LaTeX Font Info:    ... okay on input line 63.
LaTeX Font Info:    Checking defaults for OMX/cmex/m/n on input line 63.
LaTeX Font Info:    ... okay on input line 63.
LaTeX Font Info:    Checking defaults for U/cmr/m/n on input line 63.
LaTeX Font Info:    ... okay on input line 63.
LaTeX Font Info:    Checking defaults for PD1/pdf/m/n on input line 63.
LaTeX Font Info:    ... okay on input line 63.
LaTeX Font Info:    Checking defaults for PU/pdf/m/n on input line 63.
LaTeX Font Info:    ... okay on input line 63.
LaTeX Info: Redefining \degres on input line 63.
LaTeX Info: Redefining \up on input line 63.
 (/usr/local/texlive/2023/texmf-dist/tex/context/base/mkii/supp-pdf.mkii
[Loading MPS to PDF converter (version 2006.09.02).]
\scratchcounter=\count381
\scratchdimen=\dimen344
\scratchbox=\box106
\nofMPsegments=\count382
\nofMParguments=\count383
\everyMPshowfont=\toks52
\MPscratchCnt=\count384
\MPscratchDim=\dimen345
\MPnumerator=\count385
\makeMPintoPDFobject=\count386
\everyMPtoPDFconversion=\toks53
) (/usr/local/texlive/2023/texmf-dist/tex/latex/epstopdf-pkg/epstopdf-base.sty
Package: epstopdf-base 2020-01-24 v2.11 Base part for package epstopdf
Package epstopdf-base Info: Redefining graphics rule for `.eps' on input line 4
85.

(/usr/local/texlive/2023/texmf-dist/tex/latex/latexconfig/epstopdf-sys.cfg
File: epstopdf-sys.cfg 2010/07/13 v1.3 Configuration of (r)epstopdf for TeX Liv
e
))
Package caption Info: Begin \AtBeginDocument code.
Package caption Info: float package is loaded.
Package caption Info: hyperref package is loaded.
Package caption Info: longtable package is loaded.

(/usr/local/texlive/2023/texmf-dist/tex/latex/caption/ltcaption.sty
Package: ltcaption 2021/01/08 v1.4c longtable captions (AR)
)
Package caption Info: End \AtBeginDocument code.

*geometry* driver: auto-detecting
*geometry* detected driver: pdftex
*geometry* verbose mode - [ preamble ] result:
* driver: pdftex
* paper: a4paper
* layout: <same size as paper>
* layoutoffset:(h,v)=(0.0pt,0.0pt)
* modes: 
* h-part:(L,W,R)=(71.1319pt, 455.24408pt, 71.1319pt)
* v-part:(T,H,B)=(71.13188pt, 702.78308pt, 71.13188pt)
* \paperwidth=597.50787pt
* \paperheight=845.04684pt
* \textwidth=455.24408pt
* \textheight=702.78308pt
* \oddsidemargin=-1.13809pt
* \evensidemargin=-1.13809pt
* \topmargin=-38.1381pt
* \headheight=12.0pt
* \headsep=25.0pt
* \topskip=12.0pt
* \footskip=30.0pt
* \marginparwidth=44.0pt
* \marginparsep=10.0pt
* \columnsep=10.0pt
* \skip\footins=10.8pt plus 4.0pt minus 2.0pt
* \hoffset=0.0pt
* \voffset=0.0pt
* \mag=1000
* \@twocolumnfalse
* \@twosidefalse
* \@mparswitchfalse
* \@reversemarginfalse
* (1in=72.27pt=25.4mm, 1cm=28.453pt)

Package minitoc(hints) Info: I0049
(minitoc(hints))             ==> You requested the hints option. 
(minitoc(hints))             Some hints are eventually given below.

Package minitoc(hints) Warning: W0099
(minitoc(hints))                --- The titlesec package is loaded. 
(minitoc(hints))                It is incompatible 
(minitoc(hints))                with the minitoc package.


Package minitoc(hints) Warning: W0030
(minitoc(hints))                --- The \part command is altered 
(minitoc(hints))                after minitoc.


Package minitoc(hints) Warning: W0023
(minitoc(hints))                --- It may be the consequence 
(minitoc(hints))                of loading the ``hyperref'' package.


Package minitoc(hints) Warning: W0028
(minitoc(hints))                --- The \chapter command is altered 
(minitoc(hints))                after minitoc.


Package minitoc(hints) Warning: W0023
(minitoc(hints))                --- It may be the consequence 
(minitoc(hints))                of loading the ``hyperref'' package.

Package hyperref Info: Link coloring OFF on input line 63.
(./manuscript.out) (./manuscript.out)
\@outlinefile=\write5
\openout5 = `manuscript.out'.

Package minitoc Info: I0024
(minitoc)             PREPARING MINITOCS FROM manuscript.toc on input line 67.
Package minitoc Info: I0033
(minitoc)             Writing manuscript.mtc1.
\openout4 = `manuscript.mtc1'.

Package minitoc Info: I0033
(minitoc)             Writing manuscript.mtc2.
\openout4 = `manuscript.mtc2'.

Package minitoc Info: I0033
(minitoc)             Writing manuscript.mtc3.
\openout4 = `manuscript.mtc3'.

Package minitoc Info: I0033
(minitoc)             Writing manuscript.mtc4.
\openout4 = `manuscript.mtc4'.

Package minitoc Info: I0033
(minitoc)             Writing manuscript.mtc5.
\openout4 = `manuscript.mtc5'.

Package minitoc Info: I0033
(minitoc)             Writing manuscript.mtc6.
\openout4 = `manuscript.mtc6'.

Package minitoc Info: I0033
(minitoc)             Writing manuscript.mtc7.
\openout4 = `manuscript.mtc7'.

Package minitoc Info: I0033
(minitoc)             Writing manuscript.mtc8.
\openout4 = `manuscript.mtc8'.

Package minitoc Info: I0033
(minitoc)             Writing manuscript.mtc9.
\openout4 = `manuscript.mtc9'.

Package minitoc Info: I0033
(minitoc)             Writing manuscript.mtc10.
\openout4 = `manuscript.mtc10'.

Package minitoc Info: I0033
(minitoc)             Writing manuscript.mtc11.
\openout4 = `manuscript.mtc11'.

Package minitoc Info: I0033
(minitoc)             Writing manuscript.mtc12.
\openout4 = `manuscript.mtc12'.

 (./front_page.tex
<logos/master.pdf, id=243, 409.46852pt x 295.68987pt>
File: logos/master.pdf Graphic file (type pdf)
<use logos/master.pdf>
Package pdftex.def Info: logos/master.pdf  used on input line 4.
(pdftex.def)             Requested size: 118.19925pt x 85.35826pt.
LaTeX Font Info:    Trying to load font information for U+msa on input line 6.

(/usr/local/texlive/2023/texmf-dist/tex/latex/amsfonts/umsa.fd
File: umsa.fd 2013/01/14 v3.01 AMS symbols A
)
LaTeX Font Info:    Trying to load font information for U+msb on input line 6.

(/usr/local/texlive/2023/texmf-dist/tex/latex/amsfonts/umsb.fd
File: umsb.fd 2013/01/14 v3.01 AMS symbols B
)
Package epstopdf Info: Source file: <logos/upv.eps>
(epstopdf)                    date: 2021-10-18 17:37:08
(epstopdf)                    size: 351962 bytes
(epstopdf)             Output file: <logos/upv-eps-converted-to.pdf>
(epstopdf)                    date: 2021-10-18 17:37:08
(epstopdf)                    size: 26173 bytes
(epstopdf)             Command: <repstopdf --outfile=logos/upv-eps-converted-to
.pdf logos/upv.eps>
(epstopdf)             \includegraphics on input line 10.
Package epstopdf Info: Output file is already uptodate.
<logos/upv-eps-converted-to.pdf, id=244, 209.78375pt x 149.55875pt>
File: logos/upv-eps-converted-to.pdf Graphic file (type pdf)
<use logos/upv-eps-converted-to.pdf>
Package pdftex.def Info: logos/upv-eps-converted-to.pdf  used on input line 10.

(pdftex.def)             Requested size: 119.73161pt x 85.35826pt.
 [1

{/usr/local/texlive/2023/texmf-var/fonts/map/pdftex/updmap/pdftex.map}{/usr/loc
al/texlive/2023/texmf-dist/fonts/enc/dvips/cm-super/cm-super-t1.enc} <./logos/m
aster.pdf> <./logos/upv-eps-converted-to.pdf>]) (./chapters/acknowlegement.tex 
[2])
(./chapters/abstract.tex [3{/usr/local/texlive/2023/texmf-dist/fonts/enc/dvips/
cm-super/cm-super-ts1.enc}]) (./chapters/lexique.tex

Package hyperref Warning: The anchor of a bookmark and its parent's must not
(hyperref)                be the same. Added a new anchor on input line 3.

) [4] (./manuscript.toc [5

])
\tf@toc=\write6
\openout6 = `manuscript.toc'.

 [6] (./manuscript.lof)
\tf@lof=\write7
\openout7 = `manuscript.lof'.

 [7

] (./manuscript.lot)
\tf@lot=\write8
\openout8 = `manuscript.lot'.


[8

] (./chapters/introduction.tex) [1


] (./chapters/chapter_1.tex [2]
Chapitre 1.

Overfull \hbox (2.51572pt too wide) in paragraph at lines 6--6
|[]\T1/cmr/bx/n/17.28 Introduction au chal-lenge IST Deep Lear-ning Work-
 []

[3

] [4] [5]) (./chapters/chapter_2.tex [6]
Chapitre 2.
<figures/Aperçu.png, id=439, 1194.4625pt x 606.265pt>
File: figures/Aperçu.png Graphic file (type png)
<use figures/Aperçu.png>
Package pdftex.def Info: figures/Aperçu.png  used on input line 46.
(pdftex.def)             Requested size: 318.66946pt x 161.7418pt.

LaTeX Warning: `h' float specifier changed to `ht'.

[7

]
<figures/aperçu.Entr.png, id=449, 1240.635pt x 1035.87pt>
File: figures/aperçu.Entr.png Graphic file (type png)
<use figures/aperçu.Entr.png>
Package pdftex.def Info: figures/aperçu.Entr.png  used on input line 60.
(pdftex.def)             Requested size: 318.66946pt x 266.06378pt.
 [8 <./figures/Aperçu.png> <./figures/aperçu.Entr.png>]
<figures/caractere.png, id=458, 1062.369pt x 429.2838pt>
File: figures/caractere.png Graphic file (type png)
<use figures/caractere.png>
Package pdftex.def Info: figures/caractere.png  used on input line 75.
(pdftex.def)             Requested size: 318.66946pt x 128.76648pt.
<figures/distribution.png, id=459, 1076.823pt x 426.393pt>
File: figures/distribution.png Graphic file (type png)
<use figures/distribution.png>
Package pdftex.def Info: figures/distribution.png  used on input line 95.
(pdftex.def)             Requested size: 318.66946pt x 126.18172pt.
 [9 <./figures/caractere.png>]
<figures/stat.png, id=466, 1336.995pt x 720.6925pt>
File: figures/stat.png Graphic file (type png)
<use figures/stat.png>
Package pdftex.def Info: figures/stat.png  used on input line 109.
(pdftex.def)             Requested size: 318.66946pt x 171.77107pt.
 [10 <./figures/distribution.png> <./figures/stat.png>]
<figures/division.png, id=474, 1322.9425pt x 967.615pt>
File: figures/division.png Graphic file (type png)
<use figures/division.png>
Package pdftex.def Info: figures/division.png  used on input line 185.
(pdftex.def)             Requested size: 318.66946pt x 233.07393pt.


LaTeX Warning: `h' float specifier changed to `ht'.

[11] [12 <./figures/division.png>]) (./chapters/chapter_3.tex [13]
Chapitre 3.
[14

] [15] [16] [17]
<figures/modeleprofonde.png, id=523, 1198.4775pt x 1178.4025pt>
File: figures/modeleprofonde.png Graphic file (type png)
<use figures/modeleprofonde.png>
Package pdftex.def Info: figures/modeleprofonde.png  used on input line 169.
(pdftex.def)             Requested size: 318.66946pt x 313.31807pt.
 [18] [19 <./figures/modeleprofonde.png>] [20] [21] [22]
[23]
<figures/Soumission.png, id=571, 546.04pt x 447.6725pt>
File: figures/Soumission.png Graphic file (type png)
<use figures/Soumission.png>
Package pdftex.def Info: figures/Soumission.png  used on input line 409.
(pdftex.def)             Requested size: 318.66946pt x 261.26233pt.


LaTeX Warning: `h' float specifier changed to `ht'.

<figures/Prédiction.png, id=572, 1076.823pt x 544.1931pt>
File: figures/Prédiction.png Graphic file (type png)
<use figures/Prédiction.png>
Package pdftex.def Info: figures/Prédiction.png  used on input line 421.
(pdftex.def)             Requested size: 318.66946pt x 161.04208pt.
[24]) (./chapters/chapter_4.tex [25 <./figures/Soumission.png> <./figures/Préd
iction.png>]
Chapitre 4.
[26

]) (./chapters/conclusion.tex [27] [28


]) (./chapters/Annexe.tex [29]
<figures/ArchiMLP.png, id=610, 871.255pt x 716.6775pt>
File: figures/ArchiMLP.png Graphic file (type png)
<use figures/ArchiMLP.png>
Package pdftex.def Info: figures/ArchiMLP.png  used on input line 35.
(pdftex.def)             Requested size: 227.62204pt x 187.22847pt.

[30

]
<figures/ArchiCNNSIMPL.png, id=616, 1214.5375pt x 827.09pt>
File: figures/ArchiCNNSIMPL.png Graphic file (type png)
<use figures/ArchiCNNSIMPL.png>
Package pdftex.def Info: figures/ArchiCNNSIMPL.png  used on input line 46.
(pdftex.def)             Requested size: 227.62204pt x 155.00327pt.
<figures/annexePre.png, id=617, 1304.875pt x 925.4575pt>
File: figures/annexePre.png Graphic file (type png)
<use figures/annexePre.png>
Package pdftex.def Info: figures/annexePre.png  used on input line 60.
(pdftex.def)             Requested size: 227.62204pt x 161.435pt.
 [31 <./figures/ArchiMLP.png> <./figures/ArchiCNNSIMPL.png>]
<figures/annexeVisua.png, id=624, 1413.28pt x 1328.965pt>
File: figures/annexeVisua.png Graphic file (type png)
<use figures/annexeVisua.png>
Package pdftex.def Info: figures/annexeVisua.png  used on input line 67.
(pdftex.def)             Requested size: 227.62204pt x 214.03795pt.
<figures/MLP1.png, id=625, 859.2903pt x 354.123pt>
File: figures/MLP1.png Graphic file (type png)
<use figures/MLP1.png>
Package pdftex.def Info: figures/MLP1.png  used on input line 80.
(pdftex.def)             Requested size: 227.62204pt x 93.8043pt.
<figures/MLP2.png, id=626, 666.3294pt x 570.933pt>
File: figures/MLP2.png Graphic file (type png)
<use figures/MLP2.png>
Package pdftex.def Info: figures/MLP2.png  used on input line 87.
(pdftex.def)             Requested size: 227.62204pt x 195.03809pt.
 [32 <./figures/annexePre.png> <./figures/annexeVisua.png> <./figures/MLP1.png>
]
<figures/MLP3.png, id=634, 941.5175pt x 184.69pt>
File: figures/MLP3.png Graphic file (type png)
<use figures/MLP3.png>
Package pdftex.def Info: figures/MLP3.png  used on input line 94.
(pdftex.def)             Requested size: 227.62204pt x 44.65057pt.
<figures/CNNSIMPLE1.png, id=635, 859.2903pt x 354.123pt>
File: figures/CNNSIMPLE1.png Graphic file (type png)
<use figures/CNNSIMPLE1.png>
Package pdftex.def Info: figures/CNNSIMPLE1.png  used on input line 107.
(pdftex.def)             Requested size: 455.24408pt x 187.60863pt.
<figures/CNNSIMPLE2.png, id=636, 998.7714pt x 1076.823pt>
File: figures/CNNSIMPLE2.png Graphic file (type png)
<use figures/CNNSIMPLE2.png>
Package pdftex.def Info: figures/CNNSIMPLE2.png  used on input line 114.
(pdftex.def)             Requested size: 227.62204pt x 245.3966pt.
 [33 <./figures/MLP2.png> <./figures/MLP3.png> <./figures/CNNSIMPLE1.png>]
<figures/CNNSIMPLE3.png, id=644, 1011.78pt x 168.63pt>
File: figures/CNNSIMPLE3.png Graphic file (type png)
<use figures/CNNSIMPLE3.png>
Package pdftex.def Info: figures/CNNSIMPLE3.png  used on input line 121.
(pdftex.def)             Requested size: 227.62204pt x 37.93495pt.
<figures/CNNPRO1.png, id=645, 858.5676pt x 354.123pt>
File: figures/CNNPRO1.png Graphic file (type png)
<use figures/CNNPRO1.png>
Package pdftex.def Info: figures/CNNPRO1.png  used on input line 135.
(pdftex.def)             Requested size: 455.24408pt x 187.76534pt.
<figures/CNNPRO2.png, id=646, 998.7714pt x 1076.823pt>
File: figures/CNNPRO2.png Graphic file (type png)
<use figures/CNNPRO2.png>
Package pdftex.def Info: figures/CNNPRO2.png  used on input line 142.
(pdftex.def)             Requested size: 227.62204pt x 245.3966pt.
 [34 <./figures/CNNSIMPLE2.png> <./figures/CNNSIMPLE3.png> <./figures/CNNPRO1.p
ng>]
<figures/CNNPRO3.png, id=654, 1021.8175pt x 166.6225pt>
File: figures/CNNPRO3.png Graphic file (type png)
<use figures/CNNPRO3.png>
Package pdftex.def Info: figures/CNNPRO3.png  used on input line 149.
(pdftex.def)             Requested size: 227.62204pt x 37.1147pt.
)
(./manuscript.bbl [35 <./figures/CNNPRO2.png> <./figures/CNNPRO3.png>]
LaTeX Font Info:    Trying to load font information for T1+cmtt on input line 2
3.

(/usr/local/texlive/2023/texmf-dist/tex/latex/base/t1cmtt.fd
File: t1cmtt.fd 2022/07/10 v2.5l Standard LaTeX font definitions
)
Underfull \hbox (badness 1303) in paragraph at lines 21--25
[]\T1/cmr/m/n/12 Abdur Rah-man Maud.  Ist deep lear-ning work-shop.  []$\T1/cmt
t/m/n/12 https : / / kaggle . com /
 []

)
Package minitoc Info: I0009
(minitoc)             Listing minitoc auxiliary files. 
(minitoc)             Creating the manuscript.maf file.
\openout4 = `manuscript.maf'.



Package minitoc(hints) Warning: W0078
(minitoc(hints))                You have used \dominitoc, 
(minitoc(hints))                but not \minitoc.

Package minitoc(hints) Info: I0053
(minitoc(hints))             You have loaded the float package; 
(minitoc(hints))             please be aware that the minitoc package 
(minitoc(hints))             facilities can not be used for new types 
(minitoc(hints))             of floats defined by the float package.

Package minitoc(hints) Warning: W0024
(minitoc(hints))                Some hints have been written 
(minitoc(hints))                in the manuscript.log file.

[36

] (./manuscript.aux)

LaTeX Warning: There were multiply-defined labels.

Package rerunfilecheck Info: File `manuscript.out' has not changed.
(rerunfilecheck)             Checksum: AFB838C0CBA3DFAAD5ED289AC2D99786;12414.
 ) 
Here is how much of TeX's memory you used:
 32851 strings out of 476025
 631667 string characters out of 5790018
 1863388 words of memory out of 5000000
 52246 multiletter control sequences out of 15000+600000
 530016 words of font info for 76 fonts, out of 8000000 for 9000
 1141 hyphenation exceptions out of 8191
 99i,12n,103p,750b,740s stack positions out of 10000i,1000n,20000p,200000b,200000s
</usr/local/texlive/2023/texmf-dist/fonts/type1/public/amsfonts/cm/cmmi12.pfb
></usr/local/texlive/2023/texmf-dist/fonts/type1/public/amsfonts/cm/cmr12.pfb><
/usr/local/texlive/2023/texmf-dist/fonts/type1/public/amsfonts/cm/cmsy10.pfb></
usr/local/texlive/2023/texmf-dist/fonts/type1/public/cm-super/sfbx1200.pfb></us
r/local/texlive/2023/texmf-dist/fonts/type1/public/cm-super/sfbx1440.pfb></usr/
local/texlive/2023/texmf-dist/fonts/type1/public/cm-super/sfbx1728.pfb></usr/lo
cal/texlive/2023/texmf-dist/fonts/type1/public/cm-super/sfbx2488.pfb></usr/loca
l/texlive/2023/texmf-dist/fonts/type1/public/cm-super/sfcc1200.pfb></usr/local/
texlive/2023/texmf-dist/fonts/type1/public/cm-super/sfrm0800.pfb></usr/local/te
xlive/2023/texmf-dist/fonts/type1/public/cm-super/sfrm1200.pfb></usr/local/texl
ive/2023/texmf-dist/fonts/type1/public/cm-super/sfrm1440.pfb></usr/local/texliv
e/2023/texmf-dist/fonts/type1/public/cm-super/sfrm1728.pfb></usr/local/texlive/
2023/texmf-dist/fonts/type1/public/cm-super/sfrm2074.pfb></usr/local/texlive/20
23/texmf-dist/fonts/type1/public/cm-super/sfrm2488.pfb></usr/local/texlive/2023
/texmf-dist/fonts/type1/public/cm-super/sfti1200.pfb></usr/local/texlive/2023/t
exmf-dist/fonts/type1/public/cm-super/sftt1200.pfb>
Output written on manuscript.pdf (44 pages, 1790404 bytes).
PDF statistics:
 796 PDF objects out of 1000 (max. 8388607)
 660 compressed objects within 7 object streams
 182 named destinations out of 1000 (max. 500000)
 605 words of extra memory for PDF output out of 10000 (max. 10000000)

